INFO main main.Application - Starting Application on wangjiahuideMacBook-Air.local with PID 1920 (/Users/wangjiahui/IntelliJProjects/MyWeb/target/classes started by wangjiahui in /Users/wangjiahui/IntelliJProjects/MyWeb)
INFO main main.Application - No active profile set, falling back to default profiles: default
WARN main org.springframework.boot.web.servlet.context.AnnotationConfigServletWebServerApplicationContext - Exception encountered during context initialization - cancelling refresh attempt: org.springframework.context.ApplicationContextException: Unable to start web server; nested exception is org.springframework.context.ApplicationContextException: Unable to start ServletWebServerApplicationContext due to missing ServletWebServerFactory bean.
INFO main org.springframework.boot.autoconfigure.logging.ConditionEvaluationReportLoggingListener - 

Error starting ApplicationContext. To display the conditions report re-run your application with 'debug' enabled.
ERROR main org.springframework.boot.SpringApplication - Application run failed
org.springframework.context.ApplicationContextException: Unable to start web server; nested exception is org.springframework.context.ApplicationContextException: Unable to start ServletWebServerApplicationContext due to missing ServletWebServerFactory bean.
	at org.springframework.boot.web.servlet.context.ServletWebServerApplicationContext.onRefresh(ServletWebServerApplicationContext.java:157)
	at org.springframework.context.support.AbstractApplicationContext.refresh(AbstractApplicationContext.java:540)
	at org.springframework.boot.web.servlet.context.ServletWebServerApplicationContext.refresh(ServletWebServerApplicationContext.java:142)
	at org.springframework.boot.SpringApplication.refresh(SpringApplication.java:775)
	at org.springframework.boot.SpringApplication.refreshContext(SpringApplication.java:397)
	at org.springframework.boot.SpringApplication.run(SpringApplication.java:316)
	at org.springframework.boot.SpringApplication.run(SpringApplication.java:1260)
	at org.springframework.boot.SpringApplication.run(SpringApplication.java:1248)
	at main.Application.main(Application.java:9)
Caused by: org.springframework.context.ApplicationContextException: Unable to start ServletWebServerApplicationContext due to missing ServletWebServerFactory bean.
	at org.springframework.boot.web.servlet.context.ServletWebServerApplicationContext.getWebServerFactory(ServletWebServerApplicationContext.java:206)
	at org.springframework.boot.web.servlet.context.ServletWebServerApplicationContext.createWebServer(ServletWebServerApplicationContext.java:180)
	at org.springframework.boot.web.servlet.context.ServletWebServerApplicationContext.onRefresh(ServletWebServerApplicationContext.java:154)
	... 8 more
INFO background-preinit org.hibernate.validator.internal.util.Version - HV000001: Hibernate Validator 6.0.7.Final
INFO main main.Application - Starting Application on wangjiahuideMacBook-Air.local with PID 1961 (/Users/wangjiahui/IntelliJProjects/MyWeb/target/classes started by wangjiahui in /Users/wangjiahui/IntelliJProjects/MyWeb)
INFO main main.Application - No active profile set, falling back to default profiles: default
INFO main org.springframework.boot.web.servlet.context.AnnotationConfigServletWebServerApplicationContext - Refreshing org.springframework.boot.web.servlet.context.AnnotationConfigServletWebServerApplicationContext@69379752: startup date [Wed Mar 06 18:40:51 EST 2019]; root of context hierarchy
INFO main org.springframework.boot.web.embedded.tomcat.TomcatWebServer - Tomcat initialized with port(s): 1601 (http)
INFO localhost-startStop-1 org.springframework.web.context.ContextLoader - Root WebApplicationContext: initialization completed in 3961 ms
INFO localhost-startStop-1 org.springframework.boot.web.servlet.ServletRegistrationBean - Servlet dispatcherServlet mapped to [/]
INFO localhost-startStop-1 org.springframework.boot.web.servlet.FilterRegistrationBean - Mapping filter: 'characterEncodingFilter' to: [/*]
INFO localhost-startStop-1 org.springframework.boot.web.servlet.FilterRegistrationBean - Mapping filter: 'hiddenHttpMethodFilter' to: [/*]
INFO localhost-startStop-1 org.springframework.boot.web.servlet.FilterRegistrationBean - Mapping filter: 'httpPutFormContentFilter' to: [/*]
INFO localhost-startStop-1 org.springframework.boot.web.servlet.FilterRegistrationBean - Mapping filter: 'requestContextFilter' to: [/*]
INFO main org.springframework.web.servlet.mvc.method.annotation.RequestMappingHandlerAdapter - Looking for @ControllerAdvice: org.springframework.boot.web.servlet.context.AnnotationConfigServletWebServerApplicationContext@69379752: startup date [Wed Mar 06 18:40:51 EST 2019]; root of context hierarchy
INFO main org.springframework.web.servlet.mvc.method.annotation.RequestMappingHandlerMapping - Mapped "{[/comment/addComment],methods=[GET]}" onto public java.util.Map<java.lang.String, java.lang.Object> main.controller.CommentController.addComment(javax.servlet.http.HttpServletRequest)
INFO main org.springframework.web.servlet.mvc.method.annotation.RequestMappingHandlerMapping - Mapped "{[/comment/deleteComment],methods=[GET]}" onto public java.util.Map<java.lang.String, java.lang.Object> main.controller.CommentController.deleteComment(javax.servlet.http.HttpServletRequest)
INFO main org.springframework.web.servlet.mvc.method.annotation.RequestMappingHandlerMapping - Mapped "{[/comment/listComment],methods=[GET]}" onto public java.util.List<main.model.Comment> main.controller.CommentController.listComment(javax.servlet.http.HttpServletRequest)
INFO main org.springframework.web.servlet.mvc.method.annotation.RequestMappingHandlerMapping - Mapped "{[/friends/listFriends],methods=[GET]}" onto public java.lang.String main.controller.FriendsController.listFriends(javax.servlet.http.HttpServletRequest)
INFO main org.springframework.web.servlet.mvc.method.annotation.RequestMappingHandlerMapping - Mapped "{[/friends/sendRequest],methods=[GET]}" onto public java.util.Map<java.lang.String, java.lang.Object> main.controller.FriendsController.sendRequest(javax.servlet.http.HttpServletRequest)
INFO main org.springframework.web.servlet.mvc.method.annotation.RequestMappingHandlerMapping - Mapped "{[/friends/getAskingRequest],methods=[GET]}" onto public java.util.List<java.util.Map<java.lang.String, java.lang.Object>> main.controller.FriendsController.getAskingRequest(javax.servlet.http.HttpServletRequest)
INFO main org.springframework.web.servlet.mvc.method.annotation.RequestMappingHandlerMapping - Mapped "{[/friends/replyRequest],methods=[GET]}" onto public java.util.Map<java.lang.String, java.lang.Object> main.controller.FriendsController.replyRequest(javax.servlet.http.HttpServletRequest)
INFO main org.springframework.web.servlet.mvc.method.annotation.RequestMappingHandlerMapping - Mapped "{[/user/register],methods=[GET]}" onto public java.util.Map<java.lang.String, java.lang.Object> main.controller.LoginController.register(javax.servlet.http.HttpServletRequest)
INFO main org.springframework.web.servlet.mvc.method.annotation.RequestMappingHandlerMapping - Mapped "{[/user/login],methods=[GET]}" onto public java.util.Map<java.lang.String, java.lang.Object> main.controller.LoginController.login(javax.servlet.http.HttpServletRequest)
INFO main org.springframework.web.servlet.mvc.method.annotation.RequestMappingHandlerMapping - Mapped "{[/note/addNote],methods=[GET]}" onto public java.util.Map<java.lang.String, java.lang.Object> main.controller.NoteController.addNote(javax.servlet.http.HttpServletRequest)
INFO main org.springframework.web.servlet.mvc.method.annotation.RequestMappingHandlerMapping - Mapped "{[/note/listFestival],methods=[GET]}" onto public java.util.List<main.model.Festival> main.controller.NoteController.listFestival(javax.servlet.http.HttpServletRequest)
INFO main org.springframework.web.servlet.mvc.method.annotation.RequestMappingHandlerMapping - Mapped "{[/note/getPostNote],methods=[GET]}" onto public java.util.List<main.model.Note> main.controller.NoteController.getPostNote(javax.servlet.http.HttpServletRequest) throws java.lang.Exception
INFO main org.springframework.web.servlet.mvc.method.annotation.RequestMappingHandlerMapping - Mapped "{[/error]}" onto public org.springframework.http.ResponseEntity<java.util.Map<java.lang.String, java.lang.Object>> org.springframework.boot.autoconfigure.web.servlet.error.BasicErrorController.error(javax.servlet.http.HttpServletRequest)
INFO main org.springframework.web.servlet.mvc.method.annotation.RequestMappingHandlerMapping - Mapped "{[/error],produces=[text/html]}" onto public org.springframework.web.servlet.ModelAndView org.springframework.boot.autoconfigure.web.servlet.error.BasicErrorController.errorHtml(javax.servlet.http.HttpServletRequest,javax.servlet.http.HttpServletResponse)
INFO main org.springframework.web.servlet.handler.SimpleUrlHandlerMapping - Mapped URL path [/webjars/**] onto handler of type [class org.springframework.web.servlet.resource.ResourceHttpRequestHandler]
INFO main org.springframework.web.servlet.handler.SimpleUrlHandlerMapping - Mapped URL path [/**] onto handler of type [class org.springframework.web.servlet.resource.ResourceHttpRequestHandler]
INFO main org.springframework.web.servlet.handler.SimpleUrlHandlerMapping - Mapped URL path [/**/favicon.ico] onto handler of type [class org.springframework.web.servlet.resource.ResourceHttpRequestHandler]
INFO main org.springframework.boot.autoconfigure.web.servlet.WelcomePageHandlerMapping - Adding welcome page: class path resource [static/index.html]
INFO main org.springframework.jmx.export.annotation.AnnotationMBeanExporter - Registering beans for JMX exposure on startup
INFO main org.springframework.boot.autoconfigure.logging.ConditionEvaluationReportLoggingListener - 

Error starting ApplicationContext. To display the conditions report re-run your application with 'debug' enabled.
ERROR main org.springframework.boot.diagnostics.LoggingFailureAnalysisReporter - 

***************************
APPLICATION FAILED TO START
***************************

Description:

The Tomcat connector configured to listen on port 1601 failed to start. The port may already be in use or the connector may be misconfigured.

Action:

Verify the connector's configuration, identify and stop any process that's listening on port 1601, or configure this application to listen on another port.

INFO main org.springframework.boot.web.servlet.context.AnnotationConfigServletWebServerApplicationContext - Closing org.springframework.boot.web.servlet.context.AnnotationConfigServletWebServerApplicationContext@69379752: startup date [Wed Mar 06 18:40:51 EST 2019]; root of context hierarchy
INFO main org.springframework.jmx.export.annotation.AnnotationMBeanExporter - Unregistering JMX-exposed beans on shutdown
INFO background-preinit org.hibernate.validator.internal.util.Version - HV000001: Hibernate Validator 6.0.7.Final
INFO main main.Application - Starting Application on wangjiahuideMacBook-Air.local with PID 1976 (/Users/wangjiahui/IntelliJProjects/MyWeb/target/classes started by wangjiahui in /Users/wangjiahui/IntelliJProjects/MyWeb)
INFO main main.Application - No active profile set, falling back to default profiles: default
INFO main org.springframework.boot.web.servlet.context.AnnotationConfigServletWebServerApplicationContext - Refreshing org.springframework.boot.web.servlet.context.AnnotationConfigServletWebServerApplicationContext@2698dc7: startup date [Wed Mar 06 18:41:31 EST 2019]; root of context hierarchy
INFO main org.springframework.boot.web.embedded.tomcat.TomcatWebServer - Tomcat initialized with port(s): 1601 (http)
INFO localhost-startStop-1 org.springframework.web.context.ContextLoader - Root WebApplicationContext: initialization completed in 2943 ms
INFO localhost-startStop-1 org.springframework.boot.web.servlet.ServletRegistrationBean - Servlet dispatcherServlet mapped to [/]
INFO localhost-startStop-1 org.springframework.boot.web.servlet.FilterRegistrationBean - Mapping filter: 'characterEncodingFilter' to: [/*]
INFO localhost-startStop-1 org.springframework.boot.web.servlet.FilterRegistrationBean - Mapping filter: 'hiddenHttpMethodFilter' to: [/*]
INFO localhost-startStop-1 org.springframework.boot.web.servlet.FilterRegistrationBean - Mapping filter: 'httpPutFormContentFilter' to: [/*]
INFO localhost-startStop-1 org.springframework.boot.web.servlet.FilterRegistrationBean - Mapping filter: 'requestContextFilter' to: [/*]
INFO main org.springframework.web.servlet.mvc.method.annotation.RequestMappingHandlerAdapter - Looking for @ControllerAdvice: org.springframework.boot.web.servlet.context.AnnotationConfigServletWebServerApplicationContext@2698dc7: startup date [Wed Mar 06 18:41:31 EST 2019]; root of context hierarchy
INFO main org.springframework.web.servlet.mvc.method.annotation.RequestMappingHandlerMapping - Mapped "{[/comment/addComment],methods=[GET]}" onto public java.util.Map<java.lang.String, java.lang.Object> main.controller.CommentController.addComment(javax.servlet.http.HttpServletRequest)
INFO main org.springframework.web.servlet.mvc.method.annotation.RequestMappingHandlerMapping - Mapped "{[/comment/deleteComment],methods=[GET]}" onto public java.util.Map<java.lang.String, java.lang.Object> main.controller.CommentController.deleteComment(javax.servlet.http.HttpServletRequest)
INFO main org.springframework.web.servlet.mvc.method.annotation.RequestMappingHandlerMapping - Mapped "{[/comment/listComment],methods=[GET]}" onto public java.util.List<main.model.Comment> main.controller.CommentController.listComment(javax.servlet.http.HttpServletRequest)
INFO main org.springframework.web.servlet.mvc.method.annotation.RequestMappingHandlerMapping - Mapped "{[/friends/listFriends],methods=[GET]}" onto public java.lang.String main.controller.FriendsController.listFriends(javax.servlet.http.HttpServletRequest)
INFO main org.springframework.web.servlet.mvc.method.annotation.RequestMappingHandlerMapping - Mapped "{[/friends/sendRequest],methods=[GET]}" onto public java.util.Map<java.lang.String, java.lang.Object> main.controller.FriendsController.sendRequest(javax.servlet.http.HttpServletRequest)
INFO main org.springframework.web.servlet.mvc.method.annotation.RequestMappingHandlerMapping - Mapped "{[/friends/getAskingRequest],methods=[GET]}" onto public java.util.List<java.util.Map<java.lang.String, java.lang.Object>> main.controller.FriendsController.getAskingRequest(javax.servlet.http.HttpServletRequest)
INFO main org.springframework.web.servlet.mvc.method.annotation.RequestMappingHandlerMapping - Mapped "{[/friends/replyRequest],methods=[GET]}" onto public java.util.Map<java.lang.String, java.lang.Object> main.controller.FriendsController.replyRequest(javax.servlet.http.HttpServletRequest)
INFO main org.springframework.web.servlet.mvc.method.annotation.RequestMappingHandlerMapping - Mapped "{[/user/register],methods=[GET]}" onto public java.util.Map<java.lang.String, java.lang.Object> main.controller.LoginController.register(javax.servlet.http.HttpServletRequest)
INFO main org.springframework.web.servlet.mvc.method.annotation.RequestMappingHandlerMapping - Mapped "{[/user/login],methods=[GET]}" onto public java.util.Map<java.lang.String, java.lang.Object> main.controller.LoginController.login(javax.servlet.http.HttpServletRequest)
INFO main org.springframework.web.servlet.mvc.method.annotation.RequestMappingHandlerMapping - Mapped "{[/note/addNote],methods=[GET]}" onto public java.util.Map<java.lang.String, java.lang.Object> main.controller.NoteController.addNote(javax.servlet.http.HttpServletRequest)
INFO main org.springframework.web.servlet.mvc.method.annotation.RequestMappingHandlerMapping - Mapped "{[/note/listFestival],methods=[GET]}" onto public java.util.List<main.model.Festival> main.controller.NoteController.listFestival(javax.servlet.http.HttpServletRequest)
INFO main org.springframework.web.servlet.mvc.method.annotation.RequestMappingHandlerMapping - Mapped "{[/note/getPostNote],methods=[GET]}" onto public java.util.List<main.model.Note> main.controller.NoteController.getPostNote(javax.servlet.http.HttpServletRequest) throws java.lang.Exception
INFO main org.springframework.web.servlet.mvc.method.annotation.RequestMappingHandlerMapping - Mapped "{[/error]}" onto public org.springframework.http.ResponseEntity<java.util.Map<java.lang.String, java.lang.Object>> org.springframework.boot.autoconfigure.web.servlet.error.BasicErrorController.error(javax.servlet.http.HttpServletRequest)
INFO main org.springframework.web.servlet.mvc.method.annotation.RequestMappingHandlerMapping - Mapped "{[/error],produces=[text/html]}" onto public org.springframework.web.servlet.ModelAndView org.springframework.boot.autoconfigure.web.servlet.error.BasicErrorController.errorHtml(javax.servlet.http.HttpServletRequest,javax.servlet.http.HttpServletResponse)
INFO main org.springframework.web.servlet.handler.SimpleUrlHandlerMapping - Mapped URL path [/webjars/**] onto handler of type [class org.springframework.web.servlet.resource.ResourceHttpRequestHandler]
INFO main org.springframework.web.servlet.handler.SimpleUrlHandlerMapping - Mapped URL path [/**] onto handler of type [class org.springframework.web.servlet.resource.ResourceHttpRequestHandler]
INFO main org.springframework.web.servlet.handler.SimpleUrlHandlerMapping - Mapped URL path [/**/favicon.ico] onto handler of type [class org.springframework.web.servlet.resource.ResourceHttpRequestHandler]
INFO main org.springframework.boot.autoconfigure.web.servlet.WelcomePageHandlerMapping - Adding welcome page: class path resource [static/index.html]
INFO main org.springframework.jmx.export.annotation.AnnotationMBeanExporter - Registering beans for JMX exposure on startup
INFO main org.springframework.boot.web.embedded.tomcat.TomcatWebServer - Tomcat started on port(s): 1601 (http) with context path ''
INFO main main.Application - Started Application in 5.271 seconds (JVM running for 6.055)
INFO http-nio-1601-exec-1 org.springframework.web.servlet.DispatcherServlet - FrameworkServlet 'dispatcherServlet': initialization started
INFO http-nio-1601-exec-1 org.springframework.web.servlet.DispatcherServlet - FrameworkServlet 'dispatcherServlet': initialization completed in 95 ms
INFO Thread-3 org.springframework.boot.web.servlet.context.AnnotationConfigServletWebServerApplicationContext - Closing org.springframework.boot.web.servlet.context.AnnotationConfigServletWebServerApplicationContext@2698dc7: startup date [Wed Mar 06 18:41:31 EST 2019]; root of context hierarchy
INFO Thread-3 org.springframework.jmx.export.annotation.AnnotationMBeanExporter - Unregistering JMX-exposed beans on shutdown
